2019-09-30 22:04:19.0648|INFO|Server.Server|Server
2019-09-30 22:04:19.0938|ERROR|Server.Helpers.Args|Not all necessary arguments are present!
2019-09-30 22:04:19.1018|INFO|Server.ServerBase.ClientListener|Listening for clients on port 1234.
2019-09-30 22:04:19.1018|DEBUG|Server.ServerBase.ClientListener|ConnectClient subscribed to client connection event
2019-09-30 22:04:31.9026|DEBUG|Server.ServerBase.ClientListener|Connection attempt from [127.0.0.1]
2019-09-30 22:04:31.9026|DEBUG|Server.ServerBase.ClientConnector|Sending accept response to client 1...
2019-09-30 22:04:31.9026|DEBUG|Server.ServerBase.ClientConnector|Creating client listener...
2019-09-30 22:04:31.9026|DEBUG|Server.ServerBase.ClientConnector|Wating for client on port 3022...
2019-09-30 22:04:31.9146|DEBUG|Server.ServerBase.ClientConnector|Accept message sent to client 1. Waiting for response...
2019-09-30 22:04:31.9146|DEBUG|Server.ServerBase.ClientCommunication|Trying to add client with id 1.
2019-09-30 22:04:31.9146|INFO|Server.ServerBase.ClientCommunication|Client with id 1 added.
2019-09-30 22:04:31.9697|INFO|Server.Server|Starting test.
2019-09-30 22:04:31.9747|INFO|Server.ObjectSendingTest.ObjectSendingTest|Sending list...
2019-09-30 22:04:31.9747|DEBUG|Server.ServerBase.ClientCommunication|Sent 519 bytes.
2019-09-30 22:04:31.9747|INFO|Server.ObjectSendingTest.ObjectSendingTest|List sent. Wating for list...
2019-09-30 22:04:36.9963|DEBUG|Server.ServerBase.ClientCommunication|Received 519 bytes.
2019-09-30 22:04:37.0123|INFO|Server.ObjectSendingTest.ObjectSendingTest|Lists match!!!
2019-09-30 22:04:37.0123|INFO|Server.ObjectSendingTest.ObjectSendingTest|Received list.
2019-09-30 22:04:37.0223|INFO|Server.ObjectSendingTest.ObjectSendingTest|Sending list...
2019-09-30 22:04:37.0223|DEBUG|Server.ServerBase.ClientCommunication|Sent 4551 bytes.
2019-09-30 22:04:37.0223|INFO|Server.ObjectSendingTest.ObjectSendingTest|List sent. Wating for list...
2019-09-30 22:04:42.0466|DEBUG|Server.ServerBase.ClientCommunication|Received 4551 bytes.
2019-09-30 22:04:42.0466|INFO|Server.ObjectSendingTest.ObjectSendingTest|Lists match!!!
2019-09-30 22:04:42.0466|INFO|Server.ObjectSendingTest.ObjectSendingTest|Received list.
2019-09-30 22:04:42.0526|INFO|Server.Server|Exitting...
